<component name="ProjectRunConfigurationManager">
  <configuration default="false" name="test-search-stdio.js" type="NodeJSConfigurationType" folderName="TEST SEARCH" nameIsGenerated="true" path-to-js-file="test/search/test-search-stdio.js" working-dir="$PROJECT_DIR$">
    <method v="2" />
  </configuration>
</component>