<component name="ProjectRunConfigurationManager">
  <configuration default="false" name="test-search-direct.js" type="NodeJSConfigurationType" folderName="TEST SEARCH" nameIsGenerated="true" path-to-js-file="test-search-direct.js" working-dir="$PROJECT_DIR$/test/search">
    <method v="2" />
  </configuration>
</component>